const departmentModel = require("./department.model")(sequelize, Sequelize.DataTypes);
db[departmentModel.name] = departmentModel;
const domainModel = require("./domain.model")(sequelize, Sequelize.DataTypes);
db[domainModel.name] = domainModel;
const userModel = require("./user.model")(sequelize, Sequelize.DataTypes);
db[userModel.name] = userModel;
const preferenceModel = require("./preferences.model")(sequelize, Sequelize.DataTypes);
db[preferenceModel.name] = preferenceModel;
const questionModel = require("./question.model")(sequelize, Sequelize.DataTypes);
db[questionModel.name] = questionModel;
const answerModel = require("./answer.model")(sequelize, Sequelize.DataTypes);
db[answerModel.name] = answerModel;2022-11-22 16:02:31:231 info: DB connected successfully
2022-11-22 16:02:31:231 info: DB synced successfully
2022-11-22 16:21:13:2113 info: DB connected successfully
2022-11-22 16:21:14:2114 info: DB synced successfully
2022-11-22 16:21:24:2124 info: DB connected successfully
2022-11-22 16:21:24:2124 info: DB synced successfully
2022-11-22 16:21:29:2129 info: DB connected successfully
2022-11-22 16:21:29:2129 info: DB synced successfully
2022-11-22 16:39:40:3940 info: DB connected successfully
2022-11-22 16:39:40:3940 info: DB synced successfully
2022-11-22 16:40:11:4011 error: /dauth failed with error  Request failed with status code 400
2022-11-22 16:40:11:4011 info: POST /auth/callback 500 364.283 ms - 63
2022-11-22 16:41:01:411 info: DB connected successfully
2022-11-22 16:41:01:411 info: DB synced successfully
2022-11-22 16:41:04:414 error: /dauth failed with error  Request failed with status code 400
2022-11-22 16:41:04:414 info: POST /auth/callback 500 279.946 ms - 63
2022-11-22 16:41:34:4134 error: /dauth failed with error  Unexpected token u in JSON at position 0
2022-11-22 16:41:34:4134 info: POST /auth/callback 500 2.060 ms - 63
2022-11-22 16:41:38:4138 error: /dauth failed with error  Unexpected token u in JSON at position 0
2022-11-22 16:41:38:4138 info: POST /auth/callback 500 2.136 ms - 63
2022-11-22 16:42:15:4215 error: /dauth failed with error  Unexpected token u in JSON at position 0
2022-11-22 16:42:15:4215 info: POST /auth/callback 500 2.979 ms - 63
2022-11-22 16:42:22:4222 error: /dauth failed with error  Unexpected token u in JSON at position 0
2022-11-22 16:42:22:4222 info: POST /auth/callback 500 3.941 ms - 63
2022-11-22 16:42:25:4225 error: /dauth failed with error  Unexpected token u in JSON at position 0
2022-11-22 16:42:25:4225 info: POST /auth/callback 500 3.449 ms - 63
2022-11-22 16:43:13:4313 error: /dauth failed with error  Unexpected token u in JSON at position 0
2022-11-22 16:43:13:4313 info: POST /auth/callback 500 5.207 ms - 63
2022-11-22 16:43:16:4316 error: /dauth failed with error  Unexpected token u in JSON at position 0
2022-11-22 16:43:16:4316 info: POST /auth/callback 500 3.343 ms - 63
2022-11-22 16:54:36:5436 info: DB connected successfully
2022-11-22 16:54:36:5436 info: DB synced successfully
2022-11-22 16:54:45:5445 info: DB connected successfully
2022-11-22 16:54:45:5445 info: DB synced successfully
2022-11-22 16:54:49:5449 error: /dauth failed with error  Unexpected token u in JSON at position 0
2022-11-22 16:54:49:5449 info: POST /auth/callback 500 20.895 ms - 63
2022-11-22 16:55:06:556 info: DB connected successfully
2022-11-22 16:55:06:556 info: DB synced successfully
2022-11-22 16:55:08:558 error: /dauth failed with error  Unexpected token o in JSON at position 1
2022-11-22 16:55:08:558 info: POST /auth/callback 500 22.949 ms - 63
2022-11-22 16:55:42:5542 error: /dauth failed with error  Unexpected token o in JSON at position 1
2022-11-22 16:55:42:5542 info: POST /auth/callback 500 3.770 ms - 63
2022-11-22 16:56:47:5647 error: /dauth failed with error  Unexpected token o in JSON at position 1
2022-11-22 16:56:47:5647 info: POST /auth/callback 500 2.879 ms - 63
2022-11-22 16:57:18:5718 error: /dauth failed with error  Unexpected token o in JSON at position 1
2022-11-22 16:57:18:5718 info: POST /auth/callback 500 11.442 ms - 63
2022-11-22 16:58:14:5814 error: /dauth failed with error  Unexpected token o in JSON at position 1
2022-11-22 16:58:14:5814 info: POST /auth/callback 500 3.026 ms - 63
2022-11-22 16:58:17:5817 error: /dauth failed with error  Unexpected token o in JSON at position 1
2022-11-22 16:58:17:5817 info: POST /auth/callback 500 1.382 ms - 63
2022-11-22 16:59:01:591 error: /dauth failed with error  Unexpected token o in JSON at position 1
2022-11-22 16:59:01:591 info: POST /auth/callback 500 2.492 ms - 63
2022-11-22 16:59:09:599 error: /dauth failed with error  Unexpected token o in JSON at position 1
2022-11-22 16:59:09:599 info: POST /auth/callback 500 3.471 ms - 63
2022-11-22 16:59:36:5936 info: DB connected successfully
2022-11-22 16:59:36:5936 info: DB synced successfully
2022-11-22 16:59:46:5946 info: DB connected successfully
2022-11-22 16:59:46:5946 info: DB synced successfully
2022-11-22 16:59:51:5951 error: /dauth failed with error  Unexpected token o in JSON at position 1
2022-11-22 16:59:51:5951 info: POST /auth/callback 500 26.123 ms - 63
2022-11-22 17:00:08:08 info: DB connected successfully
2022-11-22 17:00:08:08 info: DB synced successfully
2022-11-22 17:00:09:09 error: /dauth failed with error  Unexpected token o in JSON at position 1
2022-11-22 17:00:09:09 info: POST /auth/callback 500 18.015 ms - 63
2022-11-22 17:00:19:019 info: DB connected successfully
2022-11-22 17:00:19:019 info: DB synced successfully
2022-11-22 17:00:21:021 error: /dauth failed with error  Unexpected token f in JSON at position 1
2022-11-22 17:00:21:021 info: POST /auth/callback 500 21.404 ms - 63
2022-11-22 17:01:48:148 info: DB connected successfully
2022-11-22 17:01:48:148 info: DB synced successfully
2022-11-22 17:01:50:150 error: /dauth failed with error  Unexpected token f in JSON at position 1
2022-11-22 17:01:50:150 info: POST /auth/callback 500 28.356 ms - 63
2022-11-22 17:02:19:219 info: DB connected successfully
2022-11-22 17:02:19:219 info: DB synced successfully
2022-11-22 17:02:24:224 info: DB connected successfully
2022-11-22 17:02:24:224 info: DB synced successfully
2022-11-22 17:03:48:348 info: DB connected successfully
2022-11-22 17:03:48:348 info: DB synced successfully
2022-11-22 17:04:18:418 error: /dauth failed with error  Request failed with status code 400
2022-11-22 17:04:18:418 info: POST /auth/callback 500 26351.023 ms - 63
2022-11-22 17:04:20:420 info: DB connected successfully
2022-11-22 17:04:20:420 info: DB synced successfully
2022-11-22 17:04:26:426 error: /dauth failed with error  Request failed with status code 400
2022-11-22 17:04:26:426 info: POST /auth/callback 500 2710.064 ms - 63
2022-11-22 17:04:48:448 info: DB connected successfully
2022-11-22 17:04:48:448 info: DB synced successfully
2022-11-22 17:04:54:454 error: /dauth failed with error  Request failed with status code 400
2022-11-22 17:04:54:454 info: POST /auth/callback 500 4523.380 ms - 63
2022-11-22 17:05:51:551 info: DB connected successfully
2022-11-22 17:05:51:551 info: DB synced successfully
2022-11-22 17:05:57:557 error: /dauth failed with error  Request failed with status code 400
2022-11-22 17:05:57:557 info: POST /auth/callback 500 4041.277 ms - 63
2022-11-22 17:08:25:825 error: /dauth failed with error  Request failed with status code 400
2022-11-22 17:08:25:825 info: POST /auth/callback 500 435.863 ms - 63
2022-11-22 17:11:47:1147 info: DB connected successfully
2022-11-22 17:11:47:1147 info: DB synced successfully
2022-11-22 17:11:59:1159 error: /dauth failed with error  Request failed with status code 400
2022-11-22 17:11:59:1159 info: POST /auth/callback 500 8882.923 ms - 63
2022-11-22 17:12:30:1230 info: DB connected successfully
2022-11-22 17:12:30:1230 info: DB synced successfully
2022-11-22 17:12:32:1232 error: /dauth failed with error  responseToken is not defined
2022-11-22 17:12:32:1232 info: POST /auth/callback 500 22.179 ms - 63
2022-11-22 17:12:43:1243 info: DB connected successfully
2022-11-22 17:12:43:1243 info: DB synced successfully
2022-11-22 17:12:45:1245 error: /dauth failed with error  tokenResponse is not defined
2022-11-22 17:12:45:1245 info: POST /auth/callback 500 64.888 ms - 63
2022-11-22 17:15:14:1514 error: /dauth failed with error  tokenResponse is not defined
2022-11-22 17:15:14:1514 info: POST /auth/callback 500 10.066 ms - 63
2022-11-22 17:15:37:1537 info: DB connected successfully
2022-11-22 17:15:37:1537 info: DB synced successfully
2022-11-22 17:15:41:1541 error: /dauth failed with error  tokenResponse is not defined
2022-11-22 17:15:41:1541 info: POST /auth/callback 500 58.153 ms - 63
2022-11-22 17:16:06:166 info: DB connected successfully
2022-11-22 17:16:06:166 info: DB synced successfully
2022-11-22 17:16:25:1625 error: /dauth failed with error  tokenResponse is not defined
2022-11-22 17:16:25:1625 info: POST /auth/callback 500 59.373 ms - 63
2022-11-22 17:19:11:1911 info: DB connected successfully
2022-11-22 17:19:11:1911 info: DB synced successfully
2022-11-22 17:19:30:1930 info: DB connected successfully
2022-11-22 17:19:30:1930 info: DB synced successfully
2022-11-22 17:20:38:2038 info: POST /auth/callback - - ms - -
2022-11-22 17:20:38:2038 info: POST /auth/callback - - ms - -
2022-11-22 17:22:11:2211 info: DB connected successfully
2022-11-22 17:22:11:2211 info: DB synced successfully
2022-11-22 17:23:40:2340 info: DB connected successfully
2022-11-22 17:23:40:2340 info: DB synced successfully
2022-11-22 17:25:16:2516 info: POST /auth/callback - - ms - -
2022-11-22 17:27:01:271 info: DB connected successfully
2022-11-22 17:27:01:271 info: DB synced successfully
2022-11-22 17:27:31:2731 info: DB connected successfully
2022-11-22 17:27:31:2731 info: DB synced successfully
2022-11-22 17:27:42:2742 info: DEVESHWAR K R user logged in
2022-11-22 17:27:59:2759 info: DB connected successfully
2022-11-22 17:27:59:2759 info: DB synced successfully
2022-11-22 17:28:08:288 info: DEVESHWAR K R user logged in
2022-11-22 17:28:34:2834 info: DB connected successfully
2022-11-22 17:28:34:2834 info: DB synced successfully
2022-11-22 17:28:38:2838 info: POST /auth/callback - - ms - -
2022-11-22 17:28:42:2842 info: DEVESHWAR K R user logged in
2022-11-22 17:28:42:2842 info: POST /auth/callback 200 560.674 ms - 99
2022-11-25 22:34:02:342 error: Error connecting DB:  Access denied for user 'root'@'localhost'
2022-11-25 22:37:57:3757 error: Error connecting DB:  Access denied for user 'root'@'localhost'
2022-11-25 22:37:59:3759 error: Error connecting DB:  Access denied for user 'root'@'localhost'
2022-11-25 22:38:04:384 error: Error connecting DB:  Access denied for user 'root'@'localhost'
2022-11-25 22:44:07:447 info: DB connected successfully
2022-11-25 22:44:07:447 error: DB sync failed:  You have an error in your SQL syntax; check the manual that corresponds to your MySQL server version for the right syntax to use near 'false, `createdAt` false, `updatedAt` false, PRIMARY KEY (`id`)) ENGINE=InnoDB' at line 1
2022-11-25 22:44:49:4449 info: DB connected successfully
2022-11-25 22:44:49:4449 error: DB sync failed:  You have an error in your SQL syntax; check the manual that corresponds to your MySQL server version for the right syntax to use near 'false, `createdAt` DATETIME NOT NULL, `updatedAt` DATETIME NOT NULL, PRIMARY KEY' at line 1
2022-11-25 22:44:54:4454 info: DB connected successfully
2022-11-25 22:44:54:4454 error: DB sync failed:  You have an error in your SQL syntax; check the manual that corresponds to your MySQL server version for the right syntax to use near 'false, `createdAt` DATETIME NOT NULL, `updatedAt` DATETIME NOT NULL, PRIMARY KEY' at line 1
2022-11-25 22:44:58:4458 info: DB connected successfully
2022-11-25 22:44:58:4458 error: DB sync failed:  You have an error in your SQL syntax; check the manual that corresponds to your MySQL server version for the right syntax to use near 'false, `createdAt` DATETIME NOT NULL, `updatedAt` DATETIME NOT NULL, PRIMARY KEY' at line 1
2022-11-25 22:45:01:451 info: DB connected successfully
2022-11-25 22:45:01:451 error: DB sync failed:  You have an error in your SQL syntax; check the manual that corresponds to your MySQL server version for the right syntax to use near 'false, `createdAt` DATETIME NOT NULL, `updatedAt` DATETIME NOT NULL, PRIMARY KEY' at line 1
2022-11-25 22:45:22:4522 info: DB connected successfully
2022-11-25 22:45:22:4522 error: DB sync failed:  You have an error in your SQL syntax; check the manual that corresponds to your MySQL server version for the right syntax to use near 'false, `createdAt` DATETIME NOT NULL, `updatedAt` DATETIME NOT NULL, PRIMARY KEY' at line 1
2022-11-25 22:45:39:4539 info: DB connected successfully
2022-11-25 22:45:39:4539 error: DB sync failed:  You have an error in your SQL syntax; check the manual that corresponds to your MySQL server version for the right syntax to use near 'false, `createdAt` DATETIME NOT NULL, `updatedAt` DATETIME NOT NULL, PRIMARY KEY' at line 1
2022-11-25 22:45:41:4541 info: DB connected successfully
2022-11-25 22:45:41:4541 error: DB sync failed:  You have an error in your SQL syntax; check the manual that corresponds to your MySQL server version for the right syntax to use near 'false, `createdAt` DATETIME NOT NULL, `updatedAt` DATETIME NOT NULL, PRIMARY KEY' at line 1
2022-11-25 22:45:43:4543 info: DB connected successfully
2022-11-25 22:45:43:4543 error: DB sync failed:  You have an error in your SQL syntax; check the manual that corresponds to your MySQL server version for the right syntax to use near 'false, `createdAt` DATETIME NOT NULL, `updatedAt` DATETIME NOT NULL, PRIMARY KEY' at line 1
2022-11-25 22:45:46:4546 info: DB connected successfully
2022-11-25 22:45:46:4546 error: DB sync failed:  You have an error in your SQL syntax; check the manual that corresponds to your MySQL server version for the right syntax to use near 'false, `createdAt` false, `updatedAt` false, PRIMARY KEY (`id`)) ENGINE=InnoDB' at line 1
2022-11-25 22:46:53:4653 info: DB connected successfully
2022-11-25 22:46:53:4653 error: DB sync failed:  You have an error in your SQL syntax; check the manual that corresponds to your MySQL server version for the right syntax to use near 'false, `createdAt` false, `updatedAt` false, PRIMARY KEY (`id`)) ENGINE=InnoDB' at line 1
2022-11-25 22:47:08:478 info: DB connected successfully
2022-11-25 22:47:08:478 error: DB sync failed:  You have an error in your SQL syntax; check the manual that corresponds to your MySQL server version for the right syntax to use near 'false, `createdAt` false, `updatedAt` false, PRIMARY KEY (`id`)) ENGINE=InnoDB' at line 1
2022-11-25 22:47:34:4734 info: DB connected successfully
2022-11-25 22:47:34:4734 error: DB sync failed:  You have an error in your SQL syntax; check the manual that corresponds to your MySQL server version for the right syntax to use near 'false, `createdAt` false, `updatedAt` false, `departmentId` INTEGER, `department' at line 1
2022-11-25 22:47:39:4739 info: DB connected successfully
2022-11-25 22:47:39:4739 error: DB sync failed:  You have an error in your SQL syntax; check the manual that corresponds to your MySQL server version for the right syntax to use near 'false, `createdAt` false, `updatedAt` false, `departmentId` INTEGER, `department' at line 1
2022-11-25 22:47:44:4744 info: DB connected successfully
2022-11-25 22:47:44:4744 error: DB sync failed:  You have an error in your SQL syntax; check the manual that corresponds to your MySQL server version for the right syntax to use near 'false, `createdAt` false, `updatedAt` false, `domain_id` INTEGER, PRIMARY KEY (`' at line 1
2022-11-25 22:47:54:4754 info: DB connected successfully
2022-11-25 22:47:54:4754 error: DB sync failed:  You have an error in your SQL syntax; check the manual that corresponds to your MySQL server version for the right syntax to use near 'false, `createdAt` false, `updatedAt` false, `domain_id` INTEGER, PRIMARY KEY (`' at line 1
2022-11-25 22:48:07:487 info: DB connected successfully
2022-11-25 22:48:07:487 info: DB synced successfully
2022-11-25 22:48:11:4811 info: DB connected successfully
2022-11-25 22:48:12:4812 info: DB synced successfully
2022-11-25 22:53:51:5351 info: DB connected successfully
2022-11-25 22:53:51:5351 info: DB synced successfully
2022-11-25 22:54:22:5422 error: Error connecting DB:  Unknown database 'nittfest_db'
2022-11-25 22:54:30:5430 info: DB connected successfully
2022-11-25 22:54:31:5431 info: DB synced successfully
2022-11-25 22:55:05:555 info: DB connected successfully
2022-11-25 22:55:06:556 info: DB synced successfully
2022-11-25 22:57:26:5726 info: DB connected successfully
2022-11-25 22:57:26:5726 info: DB synced successfully
2022-11-25 22:58:43:5843 info: DB connected successfully
2022-11-25 22:58:44:5844 info: DB synced successfully
2022-11-25 23:00:19:019 info: DB connected successfully
2022-11-25 23:00:20:020 info: DB synced successfully
2022-11-25 23:01:07:17 error: Error connecting DB:  Unknown database 'nittfest_db'
2022-11-25 23:01:17:117 info: DB connected successfully
2022-11-25 23:01:17:117 info: DB synced successfully
2022-11-25 23:02:31:231 error: Error connecting DB:  Unknown database 'nittfest_db'
2022-11-25 23:02:40:240 info: DB connected successfully
2022-11-25 23:02:41:241 info: DB synced successfully
2022-11-25 23:03:26:326 info: DB connected successfully
2022-11-25 23:03:27:327 info: DB synced successfully
2022-11-25 23:04:27:427 info: DB connected successfully
2022-11-25 23:04:27:427 info: DB synced successfully
2022-11-25 23:08:58:858 error: Error connecting DB:  Unknown database 'nittfest_db'
2022-11-25 23:09:08:98 info: DB connected successfully
2022-11-25 23:09:09:99 info: DB synced successfully
2022-11-25 23:09:37:937 info: DB connected successfully
2022-11-25 23:09:38:938 info: DB synced successfully
2022-11-25 23:10:53:1053 error: Error connecting DB:  Unknown database 'nittfest_db'
2022-11-25 23:13:24:1324 info: DB connected successfully
2022-11-25 23:13:25:1325 info: DB synced successfully
